<?xml version="1.0" encoding="UTF-8"?>
<!-- Generated by org.testng.reporters.JUnitXMLReporter -->
<testsuite ignored="0" hostname="DESKTOP-LP332FI" failures="1" tests="1" name="Test" time="11.647" errors="0" timestamp="2023-08-10T13:03:16 IST">
  <testcase classname="com.bpract.testscripts.ProfileTest" name="verifyProfileImageUpload" time="3.412">
    <failure type="org.openqa.selenium.ElementClickInterceptedException" message="element click intercepted: Element &amp;lt;div class=&amp;quot;placeholder css-10zlqjt&amp;quot; id=&amp;quot;profile-image-upload&amp;quot;&amp;gt;...&amp;lt;/div&amp;gt; is not clickable at point (471, 224). Other element would receive the click: &amp;lt;img class=&amp;quot;MuiBox-root css-6jrdpz&amp;quot; alt=&amp;quot;avatar&amp;quot; src=&amp;quot;https://api-demo.cloudmlmdemo.com/storage/public/images/profile-image/ProfileImage-1691650858.png&amp;quot; sx=&amp;quot;[object Object]&amp;quot;&amp;gt;
  (Session info: chrome=115.0.5790.171)
Build info: version: &amp;apos;4.11.0&amp;apos;, revision: &amp;apos;040bc5406b&amp;apos;
System info: os.name: &amp;apos;Windows 11&amp;apos;, os.arch: &amp;apos;amd64&amp;apos;, os.version: &amp;apos;10.0&amp;apos;, java.version: &amp;apos;17.0.7&amp;apos;
Driver info: org.openqa.selenium.chrome.ChromeDriver
Command: [0eef053f4e95d501c95e056f067bd8a8, clickElement {id=8FD8EDB3C3B51F2A62C6544EEF885F2D_element_87}]
Capabilities {acceptInsecureCerts: false, browserName: chrome, browserVersion: 115.0.5790.171, chrome: {chromedriverVersion: 115.0.5790.170 (cc0d30c2ca5..., userDataDir: C:\Users\Bpract\AppData\Loc...}, goog:chromeOptions: {debuggerAddress: localhost:64851}, networkConnectionEnabled: false, pageLoadStrategy: normal, platformName: windows, proxy: Proxy(), se:cdp: ws://localhost:64851/devtoo..., se:cdpVersion: 115.0.5790.171, setWindowRect: true, strictFileInteractability: false, timeouts: {implicit: 0, pageLoad: 300000, script: 30000}, unhandledPromptBehavior: dismiss and notify, webauthn:extension:credBlob: true, webauthn:extension:largeBlob: true, webauthn:extension:minPinLength: true, webauthn:extension:prf: true, webauthn:virtualAuthenticators: true}
Element: [[ChromeDriver: chrome on windows (0eef053f4e95d501c95e056f067bd8a8)] -&amp;gt; id: profile-image-upload]
Session ID: 0eef053f4e95d501c95e056f067bd8a8">
      <![CDATA[org.openqa.selenium.ElementClickInterceptedException: element click intercepted: Element <div class="placeholder css-10zlqjt" id="profile-image-upload">...</div> is not clickable at point (471, 224). Other element would receive the click: <img class="MuiBox-root css-6jrdpz" alt="avatar" src="https://api-demo.cloudmlmdemo.com/storage/public/images/profile-image/ProfileImage-1691650858.png" sx="[object Object]">
  (Session info: chrome=115.0.5790.171)
Build info: version: '4.11.0', revision: '040bc5406b'
System info: os.name: 'Windows 11', os.arch: 'amd64', os.version: '10.0', java.version: '17.0.7'
Driver info: org.openqa.selenium.chrome.ChromeDriver
Command: [0eef053f4e95d501c95e056f067bd8a8, clickElement {id=8FD8EDB3C3B51F2A62C6544EEF885F2D_element_87}]
Capabilities {acceptInsecureCerts: false, browserName: chrome, browserVersion: 115.0.5790.171, chrome: {chromedriverVersion: 115.0.5790.170 (cc0d30c2ca5..., userDataDir: C:\Users\Bpract\AppData\Loc...}, goog:chromeOptions: {debuggerAddress: localhost:64851}, networkConnectionEnabled: false, pageLoadStrategy: normal, platformName: windows, proxy: Proxy(), se:cdp: ws://localhost:64851/devtoo..., se:cdpVersion: 115.0.5790.171, setWindowRect: true, strictFileInteractability: false, timeouts: {implicit: 0, pageLoad: 300000, script: 30000}, unhandledPromptBehavior: dismiss and notify, webauthn:extension:credBlob: true, webauthn:extension:largeBlob: true, webauthn:extension:minPinLength: true, webauthn:extension:prf: true, webauthn:virtualAuthenticators: true}
Element: [[ChromeDriver: chrome on windows (0eef053f4e95d501c95e056f067bd8a8)] -> id: profile-image-upload]
Session ID: 0eef053f4e95d501c95e056f067bd8a8
at org.openqa.selenium.remote.codec.w3c.W3CHttpResponseCodec.createException(W3CHttpResponseCodec.java:200)
at org.openqa.selenium.remote.codec.w3c.W3CHttpResponseCodec.decode(W3CHttpResponseCodec.java:133)
at org.openqa.selenium.remote.codec.w3c.W3CHttpResponseCodec.decode(W3CHttpResponseCodec.java:52)
at org.openqa.selenium.remote.HttpCommandExecutor.execute(HttpCommandExecutor.java:191)
at org.openqa.selenium.remote.service.DriverCommandExecutor.invokeExecute(DriverCommandExecutor.java:196)
at org.openqa.selenium.remote.service.DriverCommandExecutor.execute(DriverCommandExecutor.java:171)
at org.openqa.selenium.remote.RemoteWebDriver.execute(RemoteWebDriver.java:518)
at org.openqa.selenium.remote.RemoteWebElement.execute(RemoteWebElement.java:224)
at org.openqa.selenium.remote.RemoteWebElement.click(RemoteWebElement.java:77)
at org.openqa.selenium.support.pagefactory.internal.LocatingElementHandler.invoke(LocatingElementHandler.java:51)
at jdk.proxy2/jdk.proxy2.$Proxy16.click(Unknown Source)
at com.bpract.utilities.PageUtility.uploadImage(PageUtility.java:54)
at com.bpract.pages.ProfilePage.uploadProfileImage(ProfilePage.java:126)
at com.bpract.testscripts.ProfileTest.verifyProfileImageUpload(ProfileTest.java:41)
at java.base/java.util.ArrayList.forEach(ArrayList.java:1511)
... Removed 36 stack frames]]>
    </failure>
  </testcase> <!-- verifyProfileImageUpload -->
</testsuite> <!-- Test -->
